<?xml version="1.0" encoding="UTF-8"?>
<!-- Generated by org.testng.reporters.JUnitReportReporter -->
<testsuite hostname="TI-R-A0001" failures="0" tests="1" name="testCases.LoginTest" time="5.616" errors="0" timestamp="2024-04-30T12:47:15 IST" skipped="0">
  <testcase classname="testCases.LoginTest" name="testLogin" time="5.616"/>
</testsuite> <!-- testCases.LoginTest -->
