<?xml version="1.0" encoding="UTF-8"?>
<!-- Generated by org.testng.reporters.JUnitReportReporter -->
<testsuite hostname="TI-R-A0001" failures="0" tests="1" name="POM.SeleniumPOMInternal.LoginTest" time="17.138" errors="0" timestamp="2024-04-26T15:57:23 IST" skipped="0">
  <testcase classname="POM.SeleniumPOMInternal.LoginTest" name="testLogin" time="17.138"/>
</testsuite> <!-- POM.SeleniumPOMInternal.LoginTest -->
